Determining if the pthread_create exist failed with the following output:
Change Dir: /home/nano/catkin_ws/install_isolated/share/legged_bot_hardware/src/CMakeFiles/CMakeTmp

Run Build Command:"/usr/bin/make" "cmTC_01a45/fast"
/usr/bin/make -f CMakeFiles/cmTC_01a45.dir/build.make CMakeFiles/cmTC_01a45.dir/build
make[1]: Entering directory '/home/nano/catkin_ws/install_isolated/share/legged_bot_hardware/src/CMakeFiles/CMakeTmp'
Building C object CMakeFiles/cmTC_01a45.dir/CheckSymbolExists.c.o
/usr/bin/cc    -o CMakeFiles/cmTC_01a45.dir/CheckSymbolExists.c.o   -c /home/nano/catkin_ws/install_isolated/share/legged_bot_hardware/src/CMakeFiles/CMakeTmp/CheckSymbolExists.c
Linking C executable cmTC_01a45
/usr/bin/cmake -E cmake_link_script CMakeFiles/cmTC_01a45.dir/link.txt --verbose=1
/usr/bin/cc      -rdynamic CMakeFiles/cmTC_01a45.dir/CheckSymbolExists.c.o  -o cmTC_01a45 
CMakeFiles/cmTC_01a45.dir/CheckSymbolExists.c.o: In function `main':
CheckSymbolExists.c:(.text+0x14): undefined reference to `pthread_create'
CheckSymbolExists.c:(.text+0x18): undefined reference to `pthread_create'
collect2: error: ld returned 1 exit status
CMakeFiles/cmTC_01a45.dir/build.make:97: recipe for target 'cmTC_01a45' failed
make[1]: *** [cmTC_01a45] Error 1
make[1]: Leaving directory '/home/nano/catkin_ws/install_isolated/share/legged_bot_hardware/src/CMakeFiles/CMakeTmp'
Makefile:126: recipe for target 'cmTC_01a45/fast' failed
make: *** [cmTC_01a45/fast] Error 2

File /home/nano/catkin_ws/install_isolated/share/legged_bot_hardware/src/CMakeFiles/CMakeTmp/CheckSymbolExists.c:
/* */
#include <pthread.h>

int main(int argc, char** argv)
{
  (void)argv;
#ifndef pthread_create
  return ((int*)(&pthread_create))[argc];
#else
  (void)argc;
  return 0;
#endif
}

Determining if the function pthread_create exists in the pthreads failed with the following output:
Change Dir: /home/nano/catkin_ws/install_isolated/share/legged_bot_hardware/src/CMakeFiles/CMakeTmp

Run Build Command:"/usr/bin/make" "cmTC_4d8f9/fast"
/usr/bin/make -f CMakeFiles/cmTC_4d8f9.dir/build.make CMakeFiles/cmTC_4d8f9.dir/build
make[1]: Entering directory '/home/nano/catkin_ws/install_isolated/share/legged_bot_hardware/src/CMakeFiles/CMakeTmp'
Building C object CMakeFiles/cmTC_4d8f9.dir/CheckFunctionExists.c.o
/usr/bin/cc   -DCHECK_FUNCTION_EXISTS=pthread_create   -o CMakeFiles/cmTC_4d8f9.dir/CheckFunctionExists.c.o   -c /usr/share/cmake-3.10/Modules/CheckFunctionExists.c
Linking C executable cmTC_4d8f9
/usr/bin/cmake -E cmake_link_script CMakeFiles/cmTC_4d8f9.dir/link.txt --verbose=1
/usr/bin/cc  -DCHECK_FUNCTION_EXISTS=pthread_create    -rdynamic CMakeFiles/cmTC_4d8f9.dir/CheckFunctionExists.c.o  -o cmTC_4d8f9 -lpthreads 
/usr/bin/ld: cannot find -lpthreads
collect2: error: ld returned 1 exit status
CMakeFiles/cmTC_4d8f9.dir/build.make:97: recipe for target 'cmTC_4d8f9' failed
make[1]: *** [cmTC_4d8f9] Error 1
make[1]: Leaving directory '/home/nano/catkin_ws/install_isolated/share/legged_bot_hardware/src/CMakeFiles/CMakeTmp'
Makefile:126: recipe for target 'cmTC_4d8f9/fast' failed
make: *** [cmTC_4d8f9/fast] Error 2


